e:\usuarios\sara\documentos\hundirlaflota\proyectogrupal\unir-vgdeveloper\tapete\x64\debug\tapete.pch
e:\usuarios\sara\documentos\hundirlaflota\proyectogrupal\unir-vgdeveloper\tapete\x64\debug\tapete.pdb
e:\usuarios\sara\documentos\hundirlaflota\proyectogrupal\unir-vgdeveloper\tapete\x64\debug\tapete.idb
e:\usuarios\sara\documentos\hundirlaflota\proyectogrupal\unir-vgdeveloper\tapete\x64\debug\pch.obj
e:\usuarios\sara\documentos\hundirlaflota\proyectogrupal\unir-vgdeveloper\tapete\x64\debug\modojuegolibredoble.obj
e:\usuarios\sara\documentos\hundirlaflota\proyectogrupal\unir-vgdeveloper\tapete\x64\debug\modojuegoequipo.obj
e:\usuarios\sara\documentos\hundirlaflota\proyectogrupal\unir-vgdeveloper\tapete\x64\debug\modojuegocomun.obj
e:\usuarios\sara\documentos\hundirlaflota\proyectogrupal\unir-vgdeveloper\tapete\x64\debug\presenciatablero.obj
e:\usuarios\sara\documentos\hundirlaflota\proyectogrupal\unir-vgdeveloper\tapete\x64\debug\presenciapersonaje.obj
e:\usuarios\sara\documentos\hundirlaflota\proyectogrupal\unir-vgdeveloper\tapete\x64\debug\presenciahabilidades.obj
e:\usuarios\sara\documentos\hundirlaflota\proyectogrupal\unir-vgdeveloper\tapete\x64\debug\juegomesabase.obj
e:\usuarios\sara\documentos\hundirlaflota\proyectogrupal\unir-vgdeveloper\tapete\x64\debug\actorpersonaje.obj
e:\usuarios\sara\documentos\hundirlaflota\proyectogrupal\unir-vgdeveloper\tapete\x64\debug\actortablero.obj
e:\usuarios\sara\documentos\hundirlaflota\proyectogrupal\unir-vgdeveloper\tapete\x64\debug\listadoayuda.obj
e:\usuarios\sara\documentos\hundirlaflota\proyectogrupal\unir-vgdeveloper\tapete\x64\debug\habilidad.obj
e:\usuarios\sara\documentos\hundirlaflota\proyectogrupal\unir-vgdeveloper\tapete\x64\debug\gradoefectividad.obj
e:\usuarios\sara\documentos\hundirlaflota\proyectogrupal\unir-vgdeveloper\tapete\x64\debug\estadojuegocomun.obj
e:\usuarios\sara\documentos\hundirlaflota\proyectogrupal\unir-vgdeveloper\tapete\x64\debug\excepciones.obj
e:\usuarios\sara\documentos\hundirlaflota\proyectogrupal\unir-vgdeveloper\tapete\x64\debug\estadojuegopares.obj
e:\usuarios\sara\documentos\hundirlaflota\proyectogrupal\unir-vgdeveloper\tapete\x64\debug\estadojuegolibredoble.obj
e:\usuarios\sara\documentos\hundirlaflota\proyectogrupal\unir-vgdeveloper\tapete\x64\debug\estadojuegoequipo.obj
e:\usuarios\sara\documentos\hundirlaflota\proyectogrupal\unir-vgdeveloper\tapete\x64\debug\escritorayuda.obj
e:\usuarios\sara\documentos\hundirlaflota\proyectogrupal\unir-vgdeveloper\tapete\x64\debug\cuadroindica.obj
e:\usuarios\sara\documentos\hundirlaflota\proyectogrupal\unir-vgdeveloper\tapete\x64\debug\actormusica.obj
e:\usuarios\sara\documentos\hundirlaflota\proyectogrupal\unir-vgdeveloper\tapete\x64\debug\vistacaminoceldas.obj
e:\usuarios\sara\documentos\hundirlaflota\proyectogrupal\unir-vgdeveloper\tapete\x64\debug\validacionjuego.obj
e:\usuarios\sara\documentos\hundirlaflota\proyectogrupal\unir-vgdeveloper\tapete\x64\debug\tipoestadistica.obj
e:\usuarios\sara\documentos\hundirlaflota\proyectogrupal\unir-vgdeveloper\tapete\x64\debug\sucesosjuegopares.obj
e:\usuarios\sara\documentos\hundirlaflota\proyectogrupal\unir-vgdeveloper\tapete\x64\debug\sucesosjuegolibredoble.obj
e:\usuarios\sara\documentos\hundirlaflota\proyectogrupal\unir-vgdeveloper\tapete\x64\debug\sucesosjuegoequipo.obj
e:\usuarios\sara\documentos\hundirlaflota\proyectogrupal\unir-vgdeveloper\tapete\x64\debug\sucesosjuegocomun.obj
e:\usuarios\sara\documentos\hundirlaflota\proyectogrupal\unir-vgdeveloper\tapete\x64\debug\sistemaataque.obj
e:\usuarios\sara\documentos\hundirlaflota\proyectogrupal\unir-vgdeveloper\tapete\x64\debug\modojuegobase.obj
e:\usuarios\sara\documentos\hundirlaflota\proyectogrupal\unir-vgdeveloper\tapete\x64\debug\calculocaminos.obj
e:\usuarios\sara\documentos\hundirlaflota\proyectogrupal\unir-vgdeveloper\tapete\x64\debug\presenciaactuante.obj
e:\usuarios\sara\documentos\hundirlaflota\proyectogrupal\unir-vgdeveloper\tapete\x64\debug\rejillatablero.obj
e:\usuarios\sara\documentos\hundirlaflota\proyectogrupal\unir-vgdeveloper\tapete\x64\debug\modojuegopares.obj
e:\usuarios\sara\documentos\hundirlaflota\proyectogrupal\unir-vgdeveloper\tapete\x64\debug\tapete.lib
e:\usuarios\sara\documentos\hundirlaflota\proyectogrupal\unir-vgdeveloper\tapete\x64\debug\tapete.tlog\cl.command.1.tlog
e:\usuarios\sara\documentos\hundirlaflota\proyectogrupal\unir-vgdeveloper\tapete\x64\debug\tapete.tlog\cl.items.tlog
e:\usuarios\sara\documentos\hundirlaflota\proyectogrupal\unir-vgdeveloper\tapete\x64\debug\tapete.tlog\cl.read.1.tlog
e:\usuarios\sara\documentos\hundirlaflota\proyectogrupal\unir-vgdeveloper\tapete\x64\debug\tapete.tlog\cl.write.1.tlog
e:\usuarios\sara\documentos\hundirlaflota\proyectogrupal\unir-vgdeveloper\tapete\x64\debug\tapete.tlog\lib-link.read.1.tlog
e:\usuarios\sara\documentos\hundirlaflota\proyectogrupal\unir-vgdeveloper\tapete\x64\debug\tapete.tlog\lib-link.write.1.tlog
e:\usuarios\sara\documentos\hundirlaflota\proyectogrupal\unir-vgdeveloper\tapete\x64\debug\tapete.tlog\lib.command.1.tlog
