  pch.cpp
  PresenciaFicha.cpp
  ActorObjetoRecolectable.cpp
  ActorMusica.cpp
  CuadroIndica.cpp
  EscritorAyuda.cpp
  EstadoJuegoEquipo.cpp
  EstadoJuegoLibreDoble.cpp
  EstadoJuegoPares.cpp
  Excepciones.cpp
  EstadoJuegoComun.cpp
  GradoEfectividad.cpp
  Habilidad.cpp
  ListadoAyuda.cpp
  ActorTablero.cpp
  ActorPersonaje.cpp
  JuegoMesaBase.cpp
  PresenciaHabilidades.cpp
  PresenciaPersonaje.cpp
  PresenciaTablero.cpp
  ModoJuegoComun.cpp
  Generando código...
  Compilando...
  ModoJuegoEquipo.cpp
  ModoJuegoLibreDoble.cpp
  ModoJuegoPares.cpp
  RejillaTablero.cpp
  PresenciaActuante.cpp
  CalculoCaminos.cpp
  ModoJuegoBase.cpp
  SistemaAtaque.cpp
  SucesosJuegoComun.cpp
  SucesosJuegoEquipo.cpp
  SucesosJuegoLibreDoble.cpp
  SucesosJuegoPares.cpp
  TipoEstadistica.cpp
  ValidacionJuego.cpp
  VistaCaminoCeldas.cpp
  Generando código...
  Tapete.vcxproj -> E:\Usuarios\Sara\Documentos\HundirLaFlota\ProyectoGrupal\UNIR-VGDeveloper\Tapete\x64\Debug\Tapete.lib
